<?xml version="1.0" encoding="UTF-8"?>
<!-- Generated by org.testng.reporters.JUnitReportReporter -->
<testsuite skipped="0" hostname="Botiraka-PC" name="com.chs.testsCases.LoginTest" tests="3" failures="0" timestamp="07 Sep 2018 18:26:11 GMT" time="10.509" errors="0">
  <testcase name="LoginSetUp" time="0.198" classname="com.chs.testsCases.LoginTest"/>
  <testcase name="StudentSign" time="0.915" classname="com.chs.testsCases.LoginTest"/>
  <testcase name="fillOutForm" time="9.396" classname="com.chs.testsCases.LoginTest"/>
</testsuite> <!-- com.chs.testsCases.LoginTest -->
