<?xml version="1.0" encoding="UTF-8"?>
<!-- Generated by org.testng.reporters.JUnitReportReporter -->
<testsuite skipped="0" hostname="Baby-PC" name="com.chs.testsAccount.LoginTest" tests="1" failures="0" timestamp="07 Sep 2018 12:31:30 GMT" time="17.673" errors="0">
  <testcase name="defaultSavings" time="17.673" classname="com.chs.testsAccount.LoginTest"/>
</testsuite> <!-- com.chs.testsAccount.LoginTest -->
