<?xml version="1.0" encoding="UTF-8"?>
<!-- Generated by org.testng.reporters.JUnitReportReporter -->
<testsuite skipped="0" hostname="Baby-PC" name="com.chs.testsCases.LoginTest" tests="3" failures="0" timestamp="07 Sep 2018 20:07:11 GMT" time="12.091" errors="0">
  <testcase name="LoginSetUp" time="0.139" classname="com.chs.testsCases.LoginTest"/>
  <testcase name="StudentSign" time="1.619" classname="com.chs.testsCases.LoginTest"/>
  <testcase name="fillOutForm" time="10.333" classname="com.chs.testsCases.LoginTest"/>
</testsuite> <!-- com.chs.testsCases.LoginTest -->
