<?xml version="1.0" encoding="UTF-8"?>
<!-- Generated by org.testng.reporters.JUnitReportReporter -->
<testsuite skipped="0" hostname="Botiraka-PC" name="com.chs.testsAccount.LoginTest" tests="1" failures="0" timestamp="07 Sep 2018 13:55:34 GMT" time="3.137" errors="0">
  <testcase name="defaultSavings" time="3.137" classname="com.chs.testsAccount.LoginTest"/>
</testsuite> <!-- com.chs.testsAccount.LoginTest -->
